<?xml version="1.0" encoding="UTF-8"?>
<!-- Generated by org.testng.reporters.JUnitXMLReporter -->
<testsuite hostname="DESKTOP-U1PMLAF" ignored="0" name="Surefire test" tests="5" failures="0" timestamp="2020-10-10T08:20:13 IST" time="111.696" errors="0">
  <testcase name="verifyHomePageTitle" time="0.009" classname="com.qa.crm.testcases.HomePageTest"/>
  <testcase name="verifyUseronHomePage" time="0.091" classname="com.qa.crm.testcases.HomePageTest"/>
  <testcase name="loginpageTitleTest" time="0.009" classname="com.qa.crm.testcases.LoginPageTest"/>
  <testcase name="crmLogoImageTest" time="0.109" classname="com.qa.crm.testcases.LoginPageTest"/>
  <testcase name="loginTest" time="11.328" classname="com.qa.crm.testcases.LoginPageTest"/>
</testsuite> <!-- Surefire test -->
