<?xml version="1.0" encoding="UTF-8"?>
<!-- Generated by org.testng.reporters.JUnitXMLReporter -->
<testsuite hostname="DESKTOP-U1PMLAF" ignored="1" name="Default test" tests="1" failures="0" timestamp="2020-10-10T01:04:00 IST" time="23.047" errors="0">
  <testcase name="verifyUseronHomePage" time="0.09" classname="com.qa.crm.testcases.HomePageTest"/>
  <testcase name="verifyHomePageTitle" time="0.0" classname="com.qa.crm.testcases.HomePageTest">
    <ignored/>
  </testcase> <!-- verifyHomePageTitle -->
</testsuite> <!-- Default test -->
