<?xml version="1.0" encoding="UTF-8"?>
<testng-results skipped="0" failed="0" ignored="1" total="2" passed="1">
  <reporter-output>
  </reporter-output>
  <suite name="Default suite" duration-ms="23047" started-at="2020-10-10T01:03:37 IST" finished-at="2020-10-10T01:04:00 IST">
    <groups>
    </groups>
    <test name="Default test" duration-ms="23047" started-at="2020-10-10T01:03:37 IST" finished-at="2020-10-10T01:04:00 IST">
      <class name="com.qa.crm.testcases.HomePageTest">
        <test-method status="PASS" signature="setup()[pri:0, instance:com.qa.crm.testcases.HomePageTest@17579e0f]" name="setup" is-config="true" duration-ms="22336" started-at="2020-10-10T01:03:37 IST" finished-at="2020-10-10T01:03:59 IST">
          <reporter-output>
          </reporter-output>
        </test-method> <!-- setup -->
        <test-method status="PASS" signature="verifyUseronHomePage()[pri:1, instance:com.qa.crm.testcases.HomePageTest@17579e0f]" name="verifyUseronHomePage" duration-ms="90" started-at="2020-10-10T01:03:59 IST" finished-at="2020-10-10T01:04:00 IST">
          <reporter-output>
          </reporter-output>
        </test-method> <!-- verifyUseronHomePage -->
        <test-method status="PASS" signature="tearDown()[pri:0, instance:com.qa.crm.testcases.HomePageTest@17579e0f]" name="tearDown" is-config="true" duration-ms="594" started-at="2020-10-10T01:04:00 IST" finished-at="2020-10-10T01:04:00 IST">
          <reporter-output>
          </reporter-output>
        </test-method> <!-- tearDown -->
      </class> <!-- com.qa.crm.testcases.HomePageTest -->
    </test> <!-- Default test -->
  </suite> <!-- Default suite -->
</testng-results>
