<?xml version="1.0" encoding="UTF-8"?>
<testng-results skipped="0" failed="0" ignored="0" total="5" passed="5">
  <reporter-output>
  </reporter-output>
  <suite name="Surefire suite" duration-ms="111696" started-at="2020-10-10T08:18:21 IST" finished-at="2020-10-10T08:20:13 IST">
    <groups>
    </groups>
    <test name="Surefire test" duration-ms="111696" started-at="2020-10-10T08:18:21 IST" finished-at="2020-10-10T08:20:13 IST">
      <class name="com.qa.crm.testcases.LoginPageTest">
        <test-method status="PASS" signature="setup()[pri:0, instance:com.qa.crm.testcases.LoginPageTest@69ea3742]" name="setup" is-config="true" duration-ms="12928" started-at="2020-10-10T08:19:18 IST" finished-at="2020-10-10T08:19:31 IST">
          <reporter-output>
          </reporter-output>
        </test-method> <!-- setup -->
        <test-method status="PASS" signature="loginpageTitleTest()[pri:1, instance:com.qa.crm.testcases.LoginPageTest@69ea3742]" name="loginpageTitleTest" duration-ms="9" started-at="2020-10-10T08:19:31 IST" finished-at="2020-10-10T08:19:31 IST">
          <reporter-output>
          </reporter-output>
        </test-method> <!-- loginpageTitleTest -->
        <test-method status="PASS" signature="tearDown()[pri:0, instance:com.qa.crm.testcases.LoginPageTest@69ea3742]" name="tearDown" is-config="true" duration-ms="752" started-at="2020-10-10T08:19:31 IST" finished-at="2020-10-10T08:19:31 IST">
          <reporter-output>
          </reporter-output>
        </test-method> <!-- tearDown -->
        <test-method status="PASS" signature="setup()[pri:0, instance:com.qa.crm.testcases.LoginPageTest@69ea3742]" name="setup" is-config="true" duration-ms="11948" started-at="2020-10-10T08:19:31 IST" finished-at="2020-10-10T08:19:43 IST">
          <reporter-output>
          </reporter-output>
        </test-method> <!-- setup -->
        <test-method status="PASS" signature="crmLogoImageTest()[pri:2, instance:com.qa.crm.testcases.LoginPageTest@69ea3742]" name="crmLogoImageTest" duration-ms="109" started-at="2020-10-10T08:19:43 IST" finished-at="2020-10-10T08:19:43 IST">
          <reporter-output>
          </reporter-output>
        </test-method> <!-- crmLogoImageTest -->
        <test-method status="PASS" signature="tearDown()[pri:0, instance:com.qa.crm.testcases.LoginPageTest@69ea3742]" name="tearDown" is-config="true" duration-ms="1102" started-at="2020-10-10T08:19:43 IST" finished-at="2020-10-10T08:19:45 IST">
          <reporter-output>
          </reporter-output>
        </test-method> <!-- tearDown -->
        <test-method status="PASS" signature="setup()[pri:0, instance:com.qa.crm.testcases.LoginPageTest@69ea3742]" name="setup" is-config="true" duration-ms="16664" started-at="2020-10-10T08:19:45 IST" finished-at="2020-10-10T08:20:01 IST">
          <reporter-output>
          </reporter-output>
        </test-method> <!-- setup -->
        <test-method status="PASS" signature="loginTest()[pri:3, instance:com.qa.crm.testcases.LoginPageTest@69ea3742]" name="loginTest" duration-ms="11328" started-at="2020-10-10T08:20:01 IST" finished-at="2020-10-10T08:20:13 IST">
          <reporter-output>
          </reporter-output>
        </test-method> <!-- loginTest -->
        <test-method status="PASS" signature="tearDown()[pri:0, instance:com.qa.crm.testcases.LoginPageTest@69ea3742]" name="tearDown" is-config="true" duration-ms="609" started-at="2020-10-10T08:20:13 IST" finished-at="2020-10-10T08:20:13 IST">
          <reporter-output>
          </reporter-output>
        </test-method> <!-- tearDown -->
      </class> <!-- com.qa.crm.testcases.LoginPageTest -->
      <class name="com.qa.crm.testcases.HomePageTest">
        <test-method status="PASS" signature="setup()[pri:0, instance:com.qa.crm.testcases.HomePageTest@5702b3b1]" name="setup" is-config="true" duration-ms="27540" started-at="2020-10-10T08:18:22 IST" finished-at="2020-10-10T08:18:49 IST">
          <reporter-output>
          </reporter-output>
        </test-method> <!-- setup -->
        <test-method status="PASS" signature="verifyHomePageTitle()[pri:0, instance:com.qa.crm.testcases.HomePageTest@5702b3b1]" name="verifyHomePageTitle" duration-ms="9" started-at="2020-10-10T08:18:49 IST" finished-at="2020-10-10T08:18:49 IST">
          <reporter-output>
          </reporter-output>
        </test-method> <!-- verifyHomePageTitle -->
        <test-method status="PASS" signature="tearDown()[pri:0, instance:com.qa.crm.testcases.HomePageTest@5702b3b1]" name="tearDown" is-config="true" duration-ms="596" started-at="2020-10-10T08:18:49 IST" finished-at="2020-10-10T08:18:50 IST">
          <reporter-output>
          </reporter-output>
        </test-method> <!-- tearDown -->
        <test-method status="PASS" signature="setup()[pri:0, instance:com.qa.crm.testcases.HomePageTest@5702b3b1]" name="setup" is-config="true" duration-ms="27377" started-at="2020-10-10T08:18:50 IST" finished-at="2020-10-10T08:19:17 IST">
          <reporter-output>
          </reporter-output>
        </test-method> <!-- setup -->
        <test-method status="PASS" signature="verifyUseronHomePage()[pri:1, instance:com.qa.crm.testcases.HomePageTest@5702b3b1]" name="verifyUseronHomePage" duration-ms="91" started-at="2020-10-10T08:19:17 IST" finished-at="2020-10-10T08:19:17 IST">
          <reporter-output>
          </reporter-output>
        </test-method> <!-- verifyUseronHomePage -->
        <test-method status="PASS" signature="tearDown()[pri:0, instance:com.qa.crm.testcases.HomePageTest@5702b3b1]" name="tearDown" is-config="true" duration-ms="602" started-at="2020-10-10T08:19:17 IST" finished-at="2020-10-10T08:19:18 IST">
          <reporter-output>
          </reporter-output>
        </test-method> <!-- tearDown -->
      </class> <!-- com.qa.crm.testcases.HomePageTest -->
    </test> <!-- Surefire test -->
  </suite> <!-- Surefire suite -->
</testng-results>
